--- Starting Build Process ---

> git add .

> git commit --allow-empty -m Build three_layers keymap
[main b64343e] Build three_layers keymap
 5 files changed, 7 insertions(+), 35 deletions(-)
 create mode 100644 builds/build_three_layers_keymap_20936121029/build_info.json
 create mode 100644 builds/build_three_layers_keymap_20936121029/corne_left.uf2
 create mode 100644 firmware_latest/corne_left.uf2

> git push
To https://github.com/Yigal/zmk-new_corne.git
   63cd3e4..b64343e  main -> main
--- Build Triggered for Commit b64343e392167d10448751cf9954dd60bdd3512c ---
Waiting for GitHub Actions to start...
.
Found Run ID: 20938916948 (Build #36)
Workflow: Build ZMK firmware
Action: Build three_layers keymap
URL: https://github.com/Yigal/zmk-new_corne/actions/runs/20938916948

Streaming logs...
Command: gh run watch 20938916948
Refreshing run status every 3 seconds. Press Ctrl+C to quit.

* main Build ZMK firmware · 20938916948
Triggered via push less than a minute ago

JOBS
* build / Fetch Build Keyboards (ID 60168008276)
  ✓ Set up job
  * Checkout
  * Fetch Build Matrix
  * Post Checkout
Refreshing run status every 3 seconds. Press Ctrl+C to quit.

* main Build ZMK firmware · 20938916948
Triggered via push less than a minute ago

JOBS
✓ build / Fetch Build Keyboards in 4s (ID 60168008276)
  ✓ Set up job
  ✓ Checkout
  ✓ Fetch Build Matrix
  ✓ Post Checkout
  ✓ Complete job
* build / Build (nice_nano_v2, corne_left, corne_left) (ID 60168015299)
Refreshing run status every 3 seconds. Press Ctrl+C to quit.

* main Build ZMK firmware · 20938916948
Triggered via push less than a minute ago

JOBS
✓ build / Fetch Build Keyboards in 4s (ID 60168008276)
  ✓ Set up job
  ✓ Checkout
  ✓ Fetch Build Matrix
  ✓ Post Checkout
  ✓ Complete job
* build / Build (nice_nano_v2, corne_left, corne_left) (ID 60168015299)
  ✓ Set up job
  * Initialize containers
  * Act Workaround
  * Checkout
  * Create build directory
  * Prepare variables
  * Copy config files to isolated temporary directory
  * Cache west modules
  * West Init
  * West Update
  * Check ZMK revision
  * West Zephyr export
  * West Build (${{ env.display_name }})
  * Warn about building from main if build fails
  * ${{ env.display_name }} Kconfig file
  * ${{ env.display_name }} Devicetree file
  * Rename artifacts
  * Archive (${{ env.display_name }})
  * Stop containers
[01:40:29] Check -> [Status: in_progress / Result: ]
Refreshing run status every 3 seconds. Press Ctrl+C to quit.

* main Build ZMK firmware · 20938916948
Triggered via push less than a minute ago

JOBS
✓ build / Fetch Build Keyboards in 4s (ID 60168008276)
  ✓ Set up job
  ✓ Checkout
  ✓ Fetch Build Matrix
  ✓ Post Checkout
  ✓ Complete job
* build / Build (nice_nano_v2, corne_left, corne_left) (ID 60168015299)
  ✓ Set up job
  * Initialize containers
  * Act Workaround
  * Checkout
  * Create build directory
  * Prepare variables
  * Copy config files to isolated temporary directory
  * Cache west modules
  * West Init
  * West Update
  * Check ZMK revision
  * West Zephyr export
  * West Build (${{ env.display_name }})
  * Warn about building from main if build fails
  * ${{ env.display_name }} Kconfig file
  * ${{ env.display_name }} Devicetree file
  * Rename artifacts
  * Archive (${{ env.display_name }})
  * Stop containers
Refreshing run status every 3 seconds. Press Ctrl+C to quit.

* main Build ZMK firmware · 20938916948
Triggered via push less than a minute ago

JOBS
✓ build / Fetch Build Keyboards in 4s (ID 60168008276)
  ✓ Set up job
  ✓ Checkout
  ✓ Fetch Build Matrix
  ✓ Post Checkout
  ✓ Complete job
* build / Build (nice_nano_v2, corne_left, corne_left) (ID 60168015299)
  ✓ Set up job
  * Initialize containers
  * Act Workaround
  * Checkout
  * Create build directory
  * Prepare variables
  * Copy config files to isolated temporary directory
  * Cache west modules
  * West Init
  * West Update
  * Check ZMK revision
  * West Zephyr export
  * West Build (${{ env.display_name }})
  * Warn about building from main if build fails
  * ${{ env.display_name }} Kconfig file
  * ${{ env.display_name }} Devicetree file
  * Rename artifacts
  * Archive (${{ env.display_name }})
  * Stop containers
[01:40:39] Check -> [Status: in_progress / Result: ]
Refreshing run status every 3 seconds. Press Ctrl+C to quit.

* main Build ZMK firmware · 20938916948
Triggered via push less than a minute ago

JOBS
✓ build / Fetch Build Keyboards in 4s (ID 60168008276)
  ✓ Set up job
  ✓ Checkout
  ✓ Fetch Build Matrix
  ✓ Post Checkout
  ✓ Complete job
* build / Build (nice_nano_v2, corne_left, corne_left) (ID 60168015299)
  ✓ Set up job
  * Initialize containers
  * Act Workaround
  * Checkout
  * Create build directory
  * Prepare variables
  * Copy config files to isolated temporary directory
  * Cache west modules
  * West Init
  * West Update
  * Check ZMK revision
  * West Zephyr export
  * West Build (${{ env.display_name }})
  * Warn about building from main if build fails
  * ${{ env.display_name }} Kconfig file
  * ${{ env.display_name }} Devicetree file
  * Rename artifacts
  * Archive (${{ env.display_name }})
  * Stop containers
Refreshing run status every 3 seconds. Press Ctrl+C to quit.

* main Build ZMK firmware · 20938916948
Triggered via push less than a minute ago

JOBS
✓ build / Fetch Build Keyboards in 4s (ID 60168008276)
  ✓ Set up job
  ✓ Checkout
  ✓ Fetch Build Matrix
  ✓ Post Checkout
  ✓ Complete job
* build / Build (nice_nano_v2, corne_left, corne_left) (ID 60168015299)
  ✓ Set up job
  * Initialize containers
  * Act Workaround
  * Checkout
  * Create build directory
  * Prepare variables
  * Copy config files to isolated temporary directory
  * Cache west modules
  * West Init
  * West Update
  * Check ZMK revision
  * West Zephyr export
  * West Build (${{ env.display_name }})
  * Warn about building from main if build fails
  * ${{ env.display_name }} Kconfig file
  * ${{ env.display_name }} Devicetree file
  * Rename artifacts
  * Archive (${{ env.display_name }})
  * Stop containers
Refreshing run status every 3 seconds. Press Ctrl+C to quit.

* main Build ZMK firmware · 20938916948
Triggered via push less than a minute ago

JOBS
✓ build / Fetch Build Keyboards in 4s (ID 60168008276)
  ✓ Set up job
  ✓ Checkout
  ✓ Fetch Build Matrix
  ✓ Post Checkout
  ✓ Complete job
* build / Build (nice_nano_v2, corne_left, corne_left) (ID 60168015299)
  ✓ Set up job
  * Initialize containers
  * Act Workaround
  * Checkout
  * Create build directory
  * Prepare variables
  * Copy config files to isolated temporary directory
  * Cache west modules
  * West Init
  * West Update
  * Check ZMK revision
  * West Zephyr export
  * West Build (${{ env.display_name }})
  * Warn about building from main if build fails
  * ${{ env.display_name }} Kconfig file
  * ${{ env.display_name }} Devicetree file
  * Rename artifacts
  * Archive (${{ env.display_name }})
  * Stop containers
[01:40:50] Check -> [Status: in_progress / Result: ]
Refreshing run status every 3 seconds. Press Ctrl+C to quit.

* main Build ZMK firmware · 20938916948
Triggered via push less than a minute ago

JOBS
✓ build / Fetch Build Keyboards in 4s (ID 60168008276)
  ✓ Set up job
  ✓ Checkout
  ✓ Fetch Build Matrix
  ✓ Post Checkout
  ✓ Complete job
* build / Build (nice_nano_v2, corne_left, corne_left) (ID 60168015299)
  ✓ Set up job
  ✓ Initialize containers
  - Act Workaround
  * Checkout
  * Create build directory
  * Prepare variables
  * Copy config files to isolated temporary directory
  * Cache west modules
  * West Init
  * West Update
  * Check ZMK revision
  * West Zephyr export
  * West Build (${{ env.display_name }})
  * Warn about building from main if build fails
  * ${{ env.display_name }} Kconfig file
  * ${{ env.display_name }} Devicetree file
  * Rename artifacts
  * Archive (${{ env.display_name }})
  * Post Checkout
  * Stop containers
Refreshing run status every 3 seconds. Press Ctrl+C to quit.

* main Build ZMK firmware · 20938916948
Triggered via push less than a minute ago

JOBS
✓ build / Fetch Build Keyboards in 4s (ID 60168008276)
  ✓ Set up job
  ✓ Checkout
  ✓ Fetch Build Matrix
  ✓ Post Checkout
  ✓ Complete job
* build / Build (nice_nano_v2, corne_left, corne_left) (ID 60168015299)
  ✓ Set up job
  ✓ Initialize containers
  - Act Workaround
  ✓ Checkout
  ✓ Create build directory
  ✓ Prepare variables
  ✓ Copy config files to isolated temporary directory
  * Cache west modules
  * West Init
  * West Update
  * Check ZMK revision
  * West Zephyr export
  * West Build (${{ env.display_name }})
  * Warn about building from main if build fails
  * ${{ env.display_name }} Kconfig file
  * ${{ env.display_name }} Devicetree file
  * Rename artifacts
  * Archive (${{ env.display_name }})
  * Post Cache west modules
  * Post Checkout
  * Stop containers
Refreshing run status every 3 seconds. Press Ctrl+C to quit.

* main Build ZMK firmware · 20938916948
Triggered via push less than a minute ago

JOBS
✓ build / Fetch Build Keyboards in 4s (ID 60168008276)
  ✓ Set up job
  ✓ Checkout
  ✓ Fetch Build Matrix
  ✓ Post Checkout
  ✓ Complete job
* build / Build (nice_nano_v2, corne_left, corne_left) (ID 60168015299)
  ✓ Set up job
  ✓ Initialize containers
  - Act Workaround
  ✓ Checkout
  ✓ Create build directory
  ✓ Prepare variables
  ✓ Copy config files to isolated temporary directory
  * Cache west modules
  * West Init
  * West Update
  * Check ZMK revision
  * West Zephyr export
  * West Build (${{ env.display_name }})
  * Warn about building from main if build fails
  * ${{ env.display_name }} Kconfig file
  * ${{ env.display_name }} Devicetree file
  * Rename artifacts
  * Archive (${{ env.display_name }})
  * Post Cache west modules
  * Post Checkout
  * Stop containers
[01:41:01] Check -> [Status: in_progress / Result: ]
Refreshing run status every 3 seconds. Press Ctrl+C to quit.

* main Build ZMK firmware · 20938916948
Triggered via push less than a minute ago

JOBS
✓ build / Fetch Build Keyboards in 4s (ID 60168008276)
  ✓ Set up job
  ✓ Checkout
  ✓ Fetch Build Matrix
  ✓ Post Checkout
  ✓ Complete job
* build / Build (nice_nano_v2, corne_left, corne_left) (ID 60168015299)
  ✓ Set up job
  ✓ Initialize containers
  - Act Workaround
  ✓ Checkout
  ✓ Create build directory
  ✓ Prepare variables
  ✓ Copy config files to isolated temporary directory
  * Cache west modules
  * West Init
  * West Update
  * Check ZMK revision
  * West Zephyr export
  * West Build (${{ env.display_name }})
  * Warn about building from main if build fails
  * ${{ env.display_name }} Kconfig file
  * ${{ env.display_name }} Devicetree file
  * Rename artifacts
  * Archive (${{ env.display_name }})
  * Post Cache west modules
  * Post Checkout
  * Stop containers
Refreshing run status every 3 seconds. Press Ctrl+C to quit.

* main Build ZMK firmware · 20938916948
Triggered via push less than a minute ago

JOBS
✓ build / Fetch Build Keyboards in 4s (ID 60168008276)
  ✓ Set up job
  ✓ Checkout
  ✓ Fetch Build Matrix
  ✓ Post Checkout
  ✓ Complete job
* build / Build (nice_nano_v2, corne_left, corne_left) (ID 60168015299)
  ✓ Set up job
  ✓ Initialize containers
  - Act Workaround
  ✓ Checkout
  ✓ Create build directory
  ✓ Prepare variables
  ✓ Copy config files to isolated temporary directory
  * Cache west modules
  * West Init
  * West Update
  * Check ZMK revision
  * West Zephyr export
  * West Build (${{ env.display_name }})
  * Warn about building from main if build fails
  * ${{ env.display_name }} Kconfig file
  * ${{ env.display_name }} Devicetree file
  * Rename artifacts
  * Archive (${{ env.display_name }})
  * Post Cache west modules
  * Post Checkout
  * Stop containers
[01:41:11] Check -> [Status: in_progress / Result: ]
Refreshing run status every 3 seconds. Press Ctrl+C to quit.

* main Build ZMK firmware · 20938916948
Triggered via push less than a minute ago

JOBS
✓ build / Fetch Build Keyboards in 4s (ID 60168008276)
  ✓ Set up job
  ✓ Checkout
  ✓ Fetch Build Matrix
  ✓ Post Checkout
  ✓ Complete job
* build / Build (nice_nano_v2, corne_left, corne_left) (ID 60168015299)
  ✓ Set up job
  ✓ Initialize containers
  - Act Workaround
  ✓ Checkout
  ✓ Create build directory
  ✓ Prepare variables
  ✓ Copy config files to isolated temporary directory
  * Cache west modules
  * West Init
  * West Update
  * Check ZMK revision
  * West Zephyr export
  * West Build (${{ env.display_name }})
  * Warn about building from main if build fails
  * ${{ env.display_name }} Kconfig file
  * ${{ env.display_name }} Devicetree file
  * Rename artifacts
  * Archive (${{ env.display_name }})
  * Post Cache west modules
  * Post Checkout
  * Stop containers
Refreshing run status every 3 seconds. Press Ctrl+C to quit.

* main Build ZMK firmware · 20938916948
Triggered via push about 1 minute ago

JOBS
✓ build / Fetch Build Keyboards in 4s (ID 60168008276)
  ✓ Set up job
  ✓ Checkout
  ✓ Fetch Build Matrix
  ✓ Post Checkout
  ✓ Complete job
* build / Build (nice_nano_v2, corne_left, corne_left) (ID 60168015299)
  ✓ Set up job
  ✓ Initialize containers
  - Act Workaround
  ✓ Checkout
  ✓ Create build directory
  ✓ Prepare variables
  ✓ Copy config files to isolated temporary directory
  ✓ Cache west modules
  ✓ West Init
  * West Update
  * Check ZMK revision
  * West Zephyr export
  * West Build (${{ env.display_name }})
  * Warn about building from main if build fails
  * ${{ env.display_name }} Kconfig file
  * ${{ env.display_name }} Devicetree file
  * Rename artifacts
  * Archive (${{ env.display_name }})
  * Post Cache west modules
  * Post Checkout
  * Stop containers
Refreshing run status every 3 seconds. Press Ctrl+C to quit.

* main Build ZMK firmware · 20938916948
Triggered via push about 1 minute ago

JOBS
✓ build / Fetch Build Keyboards in 4s (ID 60168008276)
  ✓ Set up job
  ✓ Checkout
  ✓ Fetch Build Matrix
  ✓ Post Checkout
  ✓ Complete job
* build / Build (nice_nano_v2, corne_left, corne_left) (ID 60168015299)
  ✓ Set up job
  ✓ Initialize containers
  - Act Workaround
  ✓ Checkout
  ✓ Create build directory
  ✓ Prepare variables
  ✓ Copy config files to isolated temporary directory
  ✓ Cache west modules
  ✓ West Init
  * West Update
  * Check ZMK revision
  * West Zephyr export
  * West Build (${{ env.display_name }})
  * Warn about building from main if build fails
  * ${{ env.display_name }} Kconfig file
  * ${{ env.display_name }} Devicetree file
  * Rename artifacts
  * Archive (${{ env.display_name }})
  * Post Cache west modules
  * Post Checkout
  * Stop containers
[01:41:22] Check -> [Status: in_progress / Result: ]
Refreshing run status every 3 seconds. Press Ctrl+C to quit.

* main Build ZMK firmware · 20938916948
Triggered via push about 1 minute ago

JOBS
✓ build / Fetch Build Keyboards in 4s (ID 60168008276)
  ✓ Set up job
  ✓ Checkout
  ✓ Fetch Build Matrix
  ✓ Post Checkout
  ✓ Complete job
* build / Build (nice_nano_v2, corne_left, corne_left) (ID 60168015299)
  ✓ Set up job
  ✓ Initialize containers
  - Act Workaround
  ✓ Checkout
  ✓ Create build directory
  ✓ Prepare variables
  ✓ Copy config files to isolated temporary directory
  ✓ Cache west modules
  ✓ West Init
  ✓ West Update
  ✓ Check ZMK revision
  ✓ West Zephyr export
  * West Build (corne_left - nice_nano_v2)
  * Warn about building from main if build fails
  * ${{ env.display_name }} Kconfig file
  * ${{ env.display_name }} Devicetree file
  * Rename artifacts
  * Archive (${{ env.display_name }})
  * Post Cache west modules
  * Post Checkout
  * Stop containers
Refreshing run status every 3 seconds. Press Ctrl+C to quit.

* main Build ZMK firmware · 20938916948
Triggered via push about 1 minute ago

JOBS
✓ build / Fetch Build Keyboards in 4s (ID 60168008276)
  ✓ Set up job
  ✓ Checkout
  ✓ Fetch Build Matrix
  ✓ Post Checkout
  ✓ Complete job
* build / Build (nice_nano_v2, corne_left, corne_left) (ID 60168015299)
  ✓ Set up job
  ✓ Initialize containers
  - Act Workaround
  ✓ Checkout
  ✓ Create build directory
  ✓ Prepare variables
  ✓ Copy config files to isolated temporary directory
  ✓ Cache west modules
  ✓ West Init
  ✓ West Update
  ✓ Check ZMK revision
  ✓ West Zephyr export
  * West Build (corne_left - nice_nano_v2)
  * Warn about building from main if build fails
  * ${{ env.display_name }} Kconfig file
  * ${{ env.display_name }} Devicetree file
  * Rename artifacts
  * Archive (${{ env.display_name }})
  * Post Cache west modules
  * Post Checkout
  * Stop containers
Refreshing run status every 3 seconds. Press Ctrl+C to quit.

* main Build ZMK firmware · 20938916948
Triggered via push about 1 minute ago

JOBS
✓ build / Fetch Build Keyboards in 4s (ID 60168008276)
  ✓ Set up job
  ✓ Checkout
  ✓ Fetch Build Matrix
  ✓ Post Checkout
  ✓ Complete job
* build / Build (nice_nano_v2, corne_left, corne_left) (ID 60168015299)
  ✓ Set up job
  ✓ Initialize containers
  - Act Workaround
  ✓ Checkout
  ✓ Create build directory
  ✓ Prepare variables
  ✓ Copy config files to isolated temporary directory
  ✓ Cache west modules
  ✓ West Init
  ✓ West Update
  ✓ Check ZMK revision
  ✓ West Zephyr export
  * West Build (corne_left - nice_nano_v2)
  * Warn about building from main if build fails
  * ${{ env.display_name }} Kconfig file
  * ${{ env.display_name }} Devicetree file
  * Rename artifacts
  * Archive (${{ env.display_name }})
  * Post Cache west modules
  * Post Checkout
  * Stop containers
[01:41:33] Check -> [Status: in_progress / Result: ]
Refreshing run status every 3 seconds. Press Ctrl+C to quit.

* main Build ZMK firmware · 20938916948
Triggered via push about 1 minute ago

JOBS
✓ build / Fetch Build Keyboards in 4s (ID 60168008276)
  ✓ Set up job
  ✓ Checkout
  ✓ Fetch Build Matrix
  ✓ Post Checkout
  ✓ Complete job
* build / Build (nice_nano_v2, corne_left, corne_left) (ID 60168015299)
  ✓ Set up job
  ✓ Initialize containers
  - Act Workaround
  ✓ Checkout
  ✓ Create build directory
  ✓ Prepare variables
  ✓ Copy config files to isolated temporary directory
  ✓ Cache west modules
  ✓ West Init
  ✓ West Update
  ✓ Check ZMK revision
  ✓ West Zephyr export
  * West Build (corne_left - nice_nano_v2)
  * Warn about building from main if build fails
  * ${{ env.display_name }} Kconfig file
  * ${{ env.display_name }} Devicetree file
  * Rename artifacts
  * Archive (${{ env.display_name }})
  * Post Cache west modules
  * Post Checkout
  * Stop containers
Refreshing run status every 3 seconds. Press Ctrl+C to quit.

* main Build ZMK firmware · 20938916948
Triggered via push about 1 minute ago

JOBS
✓ build / Fetch Build Keyboards in 4s (ID 60168008276)
  ✓ Set up job
  ✓ Checkout
  ✓ Fetch Build Matrix
  ✓ Post Checkout
  ✓ Complete job
* build / Build (nice_nano_v2, corne_left, corne_left) (ID 60168015299)
  ✓ Set up job
  ✓ Initialize containers
  - Act Workaround
  ✓ Checkout
  ✓ Create build directory
  ✓ Prepare variables
  ✓ Copy config files to isolated temporary directory
  ✓ Cache west modules
  ✓ West Init
  ✓ West Update
  ✓ Check ZMK revision
  ✓ West Zephyr export
  * West Build (corne_left - nice_nano_v2)
  * Warn about building from main if build fails
  * ${{ env.display_name }} Kconfig file
  * ${{ env.display_name }} Devicetree file
  * Rename artifacts
  * Archive (${{ env.display_name }})
  * Post Cache west modules
  * Post Checkout
  * Stop containers
[01:41:44] Check -> [Status: in_progress / Result: ]
Refreshing run status every 3 seconds. Press Ctrl+C to quit.

* main Build ZMK firmware · 20938916948
Triggered via push about 1 minute ago

JOBS
✓ build / Fetch Build Keyboards in 4s (ID 60168008276)
  ✓ Set up job
  ✓ Checkout
  ✓ Fetch Build Matrix
  ✓ Post Checkout
  ✓ Complete job
* build / Build (nice_nano_v2, corne_left, corne_left) (ID 60168015299)
  ✓ Set up job
  ✓ Initialize containers
  - Act Workaround
  ✓ Checkout
  ✓ Create build directory
  ✓ Prepare variables
  ✓ Copy config files to isolated temporary directory
  ✓ Cache west modules
  ✓ West Init
  ✓ West Update
  ✓ Check ZMK revision
  ✓ West Zephyr export
  * West Build (corne_left - nice_nano_v2)
  * Warn about building from main if build fails
  * ${{ env.display_name }} Kconfig file
  * ${{ env.display_name }} Devicetree file
  * Rename artifacts
  * Archive (${{ env.display_name }})
  * Post Cache west modules
  * Post Checkout
  * Stop containers
Refreshing run status every 3 seconds. Press Ctrl+C to quit.

* main Build ZMK firmware · 20938916948
Triggered via push about 1 minute ago

JOBS
✓ build / Fetch Build Keyboards in 4s (ID 60168008276)
  ✓ Set up job
  ✓ Checkout
  ✓ Fetch Build Matrix
  ✓ Post Checkout
  ✓ Complete job
* build / Build (nice_nano_v2, corne_left, corne_left) (ID 60168015299)
  ✓ Set up job
  ✓ Initialize containers
  - Act Workaround
  ✓ Checkout
  ✓ Create build directory
  ✓ Prepare variables
  ✓ Copy config files to isolated temporary directory
  ✓ Cache west modules
  ✓ West Init
  ✓ West Update
  ✓ Check ZMK revision
  ✓ West Zephyr export
  * West Build (corne_left - nice_nano_v2)
  * Warn about building from main if build fails
  * ${{ env.display_name }} Kconfig file
  * ${{ env.display_name }} Devicetree file
  * Rename artifacts
  * Archive (${{ env.display_name }})
  * Post Cache west modules
  * Post Checkout
  * Stop containers
Refreshing run status every 3 seconds. Press Ctrl+C to quit.

* main Build ZMK firmware · 20938916948
Triggered via push about 1 minute ago

JOBS
✓ build / Fetch Build Keyboards in 4s (ID 60168008276)
  ✓ Set up job
  ✓ Checkout
  ✓ Fetch Build Matrix
  ✓ Post Checkout
  ✓ Complete job
* build / Build (nice_nano_v2, corne_left, corne_left) (ID 60168015299)
  ✓ Set up job
  ✓ Initialize containers
  - Act Workaround
  ✓ Checkout
  ✓ Create build directory
  ✓ Prepare variables
  ✓ Copy config files to isolated temporary directory
  ✓ Cache west modules
  ✓ West Init
  ✓ West Update
  ✓ Check ZMK revision
  ✓ West Zephyr export
  * West Build (corne_left - nice_nano_v2)
  * Warn about building from main if build fails
  * ${{ env.display_name }} Kconfig file
  * ${{ env.display_name }} Devicetree file
  * Rename artifacts
  * Archive (${{ env.display_name }})
  * Post Cache west modules
  * Post Checkout
  * Stop containers
[01:41:55] Check -> [Status: in_progress / Result: ]
Refreshing run status every 3 seconds. Press Ctrl+C to quit.

* main Build ZMK firmware · 20938916948
Triggered via push about 1 minute ago

JOBS
✓ build / Fetch Build Keyboards in 4s (ID 60168008276)
  ✓ Set up job
  ✓ Checkout
  ✓ Fetch Build Matrix
  ✓ Post Checkout
  ✓ Complete job
* build / Build (nice_nano_v2, corne_left, corne_left) (ID 60168015299)
  ✓ Set up job
  ✓ Initialize containers
  - Act Workaround
  ✓ Checkout
  ✓ Create build directory
  ✓ Prepare variables
  ✓ Copy config files to isolated temporary directory
  ✓ Cache west modules
  ✓ West Init
  ✓ West Update
  ✓ Check ZMK revision
  ✓ West Zephyr export
  ✓ West Build (corne_left - nice_nano_v2)
  - Warn about building from main if build fails
  ✓ corne_left - nice_nano_v2 Kconfig file
  ✓ corne_left - nice_nano_v2 Devicetree file
  ✓ Rename artifacts
  * Archive (corne_left - nice_nano_v2)
  * Post Cache west modules
  * Post Checkout
  * Stop containers
Refreshing run status every 3 seconds. Press Ctrl+C to quit.

* main Build ZMK firmware · 20938916948
Triggered via push about 1 minute ago

JOBS
✓ build / Fetch Build Keyboards in 4s (ID 60168008276)
  ✓ Set up job
  ✓ Checkout
  ✓ Fetch Build Matrix
  ✓ Post Checkout
  ✓ Complete job
* build / Build (nice_nano_v2, corne_left, corne_left) (ID 60168015299)
  ✓ Set up job
  ✓ Initialize containers
  - Act Workaround
  ✓ Checkout
  ✓ Create build directory
  ✓ Prepare variables
  ✓ Copy config files to isolated temporary directory
  ✓ Cache west modules
  ✓ West Init
  ✓ West Update
  ✓ Check ZMK revision
  ✓ West Zephyr export
  ✓ West Build (corne_left - nice_nano_v2)
  - Warn about building from main if build fails
  ✓ corne_left - nice_nano_v2 Kconfig file
  ✓ corne_left - nice_nano_v2 Devicetree file
  ✓ Rename artifacts
  ✓ Archive (corne_left - nice_nano_v2)
  * Post Cache west modules
  * Post Checkout
  * Stop containers
Refreshing run status every 3 seconds. Press Ctrl+C to quit.

* main Build ZMK firmware · 20938916948
Triggered via push about 1 minute ago

JOBS
✓ build / Fetch Build Keyboards in 4s (ID 60168008276)
  ✓ Set up job
  ✓ Checkout
  ✓ Fetch Build Matrix
  ✓ Post Checkout
  ✓ Complete job
* build / Build (nice_nano_v2, corne_left, corne_left) (ID 60168015299)
  ✓ Set up job
  ✓ Initialize containers
  - Act Workaround
  ✓ Checkout
  ✓ Create build directory
  ✓ Prepare variables
  ✓ Copy config files to isolated temporary directory
  ✓ Cache west modules
  ✓ West Init
  ✓ West Update
  ✓ Check ZMK revision
  ✓ West Zephyr export
  ✓ West Build (corne_left - nice_nano_v2)
  - Warn about building from main if build fails
  ✓ corne_left - nice_nano_v2 Kconfig file
  ✓ corne_left - nice_nano_v2 Devicetree file
  ✓ Rename artifacts
  ✓ Archive (corne_left - nice_nano_v2)
  ✓ Post Cache west modules
  * Post Checkout
  * Stop containers
[01:42:05] Check -> [Status: in_progress / Result: ]
Refreshing run status every 3 seconds. Press Ctrl+C to quit.

* main Build ZMK firmware · 20938916948
Triggered via push about 1 minute ago

JOBS
✓ build / Fetch Build Keyboards in 4s (ID 60168008276)
  ✓ Set up job
  ✓ Checkout
  ✓ Fetch Build Matrix
  ✓ Post Checkout
  ✓ Complete job
✓ build / Build (nice_nano_v2, corne_left, corne_left) in 1m40s (ID 60168015299)
  ✓ Set up job
  ✓ Initialize containers
  - Act Workaround
  ✓ Checkout
  ✓ Create build directory
  ✓ Prepare variables
  ✓ Copy config files to isolated temporary directory
  ✓ Cache west modules
  ✓ West Init
  ✓ West Update
  ✓ Check ZMK revision
  ✓ West Zephyr export
  ✓ West Build (corne_left - nice_nano_v2)
  - Warn about building from main if build fails
  ✓ corne_left - nice_nano_v2 Kconfig file
  ✓ corne_left - nice_nano_v2 Devicetree file
  ✓ Rename artifacts
  ✓ Archive (corne_left - nice_nano_v2)
  ✓ Post Cache west modules
  ✓ Post Checkout
  ✓ Stop containers
  ✓ Complete job
* build / Merge Output Artifacts (ID 60168120597)
Refreshing run status every 3 seconds. Press Ctrl+C to quit.

* main Build ZMK firmware · 20938916948
Triggered via push about 1 minute ago

JOBS
✓ build / Fetch Build Keyboards in 4s (ID 60168008276)
  ✓ Set up job
  ✓ Checkout
  ✓ Fetch Build Matrix
  ✓ Post Checkout
  ✓ Complete job
✓ build / Build (nice_nano_v2, corne_left, corne_left) in 1m40s (ID 60168015299)
  ✓ Set up job
  ✓ Initialize containers
  - Act Workaround
  ✓ Checkout
  ✓ Create build directory
  ✓ Prepare variables
  ✓ Copy config files to isolated temporary directory
  ✓ Cache west modules
  ✓ West Init
  ✓ West Update
  ✓ Check ZMK revision
  ✓ West Zephyr export
  ✓ West Build (corne_left - nice_nano_v2)
  - Warn about building from main if build fails
  ✓ corne_left - nice_nano_v2 Kconfig file
  ✓ corne_left - nice_nano_v2 Devicetree file
  ✓ Rename artifacts
  ✓ Archive (corne_left - nice_nano_v2)
  ✓ Post Cache west modules
  ✓ Post Checkout
  ✓ Stop containers
  ✓ Complete job
* build / Merge Output Artifacts (ID 60168120597)
  ✓ Set up job
  * Merge Artifacts
✓ main Build ZMK firmware · 20938916948
Triggered via push about 2 minutes ago

JOBS
✓ build / Fetch Build Keyboards in 4s (ID 60168008276)
  ✓ Set up job
  ✓ Checkout
  ✓ Fetch Build Matrix
  ✓ Post Checkout
  ✓ Complete job
✓ build / Build (nice_nano_v2, corne_left, corne_left) in 1m40s (ID 60168015299)
  ✓ Set up job
  ✓ Initialize containers
  - Act Workaround
  ✓ Checkout
  ✓ Create build directory
  ✓ Prepare variables
  ✓ Copy config files to isolated temporary directory
  ✓ Cache west modules
  ✓ West Init
  ✓ West Update
  ✓ Check ZMK revision
  ✓ West Zephyr export
  ✓ West Build (corne_left - nice_nano_v2)
  - Warn about building from main if build fails
  ✓ corne_left - nice_nano_v2 Kconfig file
  ✓ corne_left - nice_nano_v2 Devicetree file
  ✓ Rename artifacts
  ✓ Archive (corne_left - nice_nano_v2)
  ✓ Post Cache west modules
  ✓ Post Checkout
  ✓ Stop containers
  ✓ Complete job
✓ build / Merge Output Artifacts in 4s (ID 60168120597)
  ✓ Set up job
  ✓ Merge Artifacts
  ✓ Complete job
--- Build Complete ---
Downloading firmware...
Firmware saved to: builds/build_three_layers_keymap_20938916948
Also copied to: firmware_latest/
