./watch_build.sh: line 96: 47670 Terminated: 15          ( while kill -0 $$ 2> /dev/null; do
    sleep 10; if ! kill -0 $$ 2> /dev/null; then
        break;
    fi; STATUS_LINE=$(gh run view $RUN_ID --json status,conclusion --jq '"[Status: " + .status + " / Result: " + (.conclusion // "Running") + "]"'); echo "[$(date +%H:%M:%S)] Check -> $STATUS_LINE" >> $LOG_FILE;
done )
./watch_build.sh: line 96: 51146 Terminated: 15          ( while kill -0 $$ 2> /dev/null; do
    sleep 10; if ! kill -0 $$ 2> /dev/null; then
        break;
    fi; STATUS_LINE=$(gh run view $RUN_ID --json status,conclusion --jq '"[Status: " + .status + " / Result: " + (.conclusion // "Running") + "]"'); echo "[$(date +%H:%M:%S)] Check -> $STATUS_LINE" >> $LOG_FILE;
done )
./watch_build.sh: line 96: 53201 Terminated: 15          ( while kill -0 $$ 2> /dev/null; do
    sleep 10; if ! kill -0 $$ 2> /dev/null; then
        break;
    fi; STATUS_LINE=$(gh run view $RUN_ID --json status,conclusion --jq '"[Status: " + .status + " / Result: " + (.conclusion // "Running") + "]"'); echo "[$(date +%H:%M:%S)] Check -> $STATUS_LINE" >> $LOG_FILE;
done )
./watch_build.sh: line 96: 60347 Terminated: 15          ( while kill -0 $$ 2> /dev/null; do
    sleep 10; if ! kill -0 $$ 2> /dev/null; then
        break;
    fi; STATUS_LINE=$(gh run view $RUN_ID --json status,conclusion --jq '"[Status: " + .status + " / Result: " + (.conclusion // "Running") + "]"'); echo "[$(date +%H:%M:%S)] Check -> $STATUS_LINE" >> $LOG_FILE;
done )
./watch_build.sh: line 96: 61729 Terminated: 15          ( while kill -0 $$ 2> /dev/null; do
    sleep 10; if ! kill -0 $$ 2> /dev/null; then
        break;
    fi; STATUS_LINE=$(gh run view $RUN_ID --json status,conclusion --jq '"[Status: " + .status + " / Result: " + (.conclusion // "Running") + "]"'); echo "[$(date +%H:%M:%S)] Check -> $STATUS_LINE" >> $LOG_FILE;
done )
./watch_build.sh: line 96: 63065 Terminated: 15          ( while kill -0 $$ 2> /dev/null; do
    sleep 10; if ! kill -0 $$ 2> /dev/null; then
        break;
    fi; STATUS_LINE=$(gh run view $RUN_ID --json status,conclusion --jq '"[Status: " + .status + " / Result: " + (.conclusion // "Running") + "]"'); echo "[$(date +%H:%M:%S)] Check -> $STATUS_LINE" >> $LOG_FILE;
done )
./watch_build.sh: line 79: 78062 Terminated: 15          ( while kill -0 $$ 2> /dev/null; do
    sleep 10; if ! kill -0 $$ 2> /dev/null; then
        break;
    fi; STATUS_LINE=$(gh run view $RUN_ID --json status,conclusion --jq '"[Status: " + .status + " / Result: " + (.conclusion // "Running") + "]"'); echo "[$(date +%H:%M:%S)] Check -> $STATUS_LINE" >> $LOG_FILE;
done )
./watch_build.sh: line 96: 80209 Terminated: 15          ( while kill -0 $$ 2> /dev/null; do
    sleep 10; if ! kill -0 $$ 2> /dev/null; then
        break;
    fi; STATUS_LINE=$(gh run view $RUN_ID --json status,conclusion --jq '"[Status: " + .status + " / Result: " + (.conclusion // "Running") + "]"'); echo "[$(date +%H:%M:%S)] Check -> $STATUS_LINE" >> $LOG_FILE;
done )
